<?xml version="1.0" encoding="UTF-8"?>
<testng-results ignored="0" total="14" passed="14" failed="0" skipped="0">
  <reporter-output>
  </reporter-output>
  <suite started-at="2026-06-06T16:50:46 IST" name="ParaBank Suite" finished-at="2026-06-06T16:51:50 IST" duration-ms="64100">
    <groups>
    </groups>
    <test started-at="2026-06-06T16:50:46 IST" name="ParaBank Tests" finished-at="2026-06-06T16:51:50 IST" duration-ms="64100">
      <class name="Tests.RegistrationTest">
        <test-method is-config="true" signature="createUser()[pri:0, instance:Tests.RegistrationTest@33fe57a9]" started-at="2026-06-06T16:50:41 IST" name="createUser" finished-at="2026-06-06T16:50:46 IST" duration-ms="4548" status="PASS">
          <reporter-output>
          </reporter-output>
        </test-method> <!-- createUser -->
        <test-method is-config="true" signature="setup()[pri:0, instance:Tests.RegistrationTest@33fe57a9]" started-at="2026-06-06T16:50:47 IST" name="setup" finished-at="2026-06-06T16:50:48 IST" duration-ms="1362" status="PASS">
          <reporter-output>
          </reporter-output>
        </test-method> <!-- setup -->
        <test-method signature="registrationTest(java.lang.String,java.lang.String,java.lang.String,java.lang.String,java.lang.String,java.lang.String,java.lang.String,java.lang.String,java.lang.String,java.lang.String)[pri:0, instance:Tests.RegistrationTest@33fe57a9]" started-at="2026-06-06T16:50:48 IST" name="registrationTest" data-provider="registrationData" finished-at="2026-06-06T16:50:51 IST" duration-ms="2831" status="PASS">
          <params>
            <param index="0">
              <value>
                <![CDATA[Surya]]>
              </value>
            </param>
            <param index="1">
              <value>
                <![CDATA[Prakash]]>
              </value>
            </param>
            <param index="2">
              <value>
                <![CDATA[Coimbatore]]>
              </value>
            </param>
            <param index="3">
              <value>
                <![CDATA[Coimbatore]]>
              </value>
            </param>
            <param index="4">
              <value>
                <![CDATA[Tamil Nadu]]>
              </value>
            </param>
            <param index="5">
              <value>
                <![CDATA[641001.0]]>
              </value>
            </param>
            <param index="6">
              <value>
                <![CDATA[9.87654321E9]]>
              </value>
            </param>
            <param index="7">
              <value>
                <![CDATA[1.23456789E8]]>
              </value>
            </param>
            <param index="8">
              <value>
                <![CDATA[surya]]>
              </value>
            </param>
            <param index="9">
              <value>
                <![CDATA[1.2345678E7]]>
              </value>
            </param>
          </params>
          <reporter-output>
          </reporter-output>
        </test-method> <!-- registrationTest -->
        <test-method is-config="true" signature="tearDown(org.testng.ITestResult)[pri:0, instance:Tests.RegistrationTest@33fe57a9]" started-at="2026-06-06T16:50:51 IST" name="tearDown" finished-at="2026-06-06T16:50:51 IST" duration-ms="92" status="PASS">
          <params>
            <param index="0">
              <value>
                <![CDATA[[TestResult name=registrationTest status=SUCCESS method=RegistrationTest.registrationTest(java.lang.String,java.lang.String,java.lang.String,java.lang.String,java.lang.String,java.lang.String,java.lang.String,java.lang.String,java.lang.String,java.lang.String)[pri:0, instance:Tests.RegistrationTest@33fe57a9] output={null}]]]>
              </value>
            </param>
          </params>
          <reporter-output>
          </reporter-output>
        </test-method> <!-- tearDown -->
        <test-method is-config="true" signature="setup()[pri:0, instance:Tests.RegistrationTest@33fe57a9]" started-at="2026-06-06T16:50:51 IST" name="setup" finished-at="2026-06-06T16:50:53 IST" duration-ms="1693" status="PASS">
          <reporter-output>
          </reporter-output>
        </test-method> <!-- setup -->
        <test-method signature="registrationTest(java.lang.String,java.lang.String,java.lang.String,java.lang.String,java.lang.String,java.lang.String,java.lang.String,java.lang.String,java.lang.String,java.lang.String)[pri:0, instance:Tests.RegistrationTest@33fe57a9]" started-at="2026-06-06T16:50:53 IST" name="registrationTest" data-provider="registrationData" finished-at="2026-06-06T16:50:56 IST" duration-ms="2898" status="PASS">
          <params>
            <param index="0">
              <value>
                <![CDATA[Arun]]>
              </value>
            </param>
            <param index="1">
              <value>
                <![CDATA[Kumar]]>
              </value>
            </param>
            <param index="2">
              <value>
                <![CDATA[Gandhipuram]]>
              </value>
            </param>
            <param index="3">
              <value>
                <![CDATA[Coimbatore]]>
              </value>
            </param>
            <param index="4">
              <value>
                <![CDATA[Tamil Nadu]]>
              </value>
            </param>
            <param index="5">
              <value>
                <![CDATA[641012.0]]>
              </value>
            </param>
            <param index="6">
              <value>
                <![CDATA[9.876543211E9]]>
              </value>
            </param>
            <param index="7">
              <value>
                <![CDATA[1.2345678E8]]>
              </value>
            </param>
            <param index="8">
              <value>
                <![CDATA[arun]]>
              </value>
            </param>
            <param index="9">
              <value>
                <![CDATA[1.2345678E7]]>
              </value>
            </param>
          </params>
          <reporter-output>
          </reporter-output>
        </test-method> <!-- registrationTest -->
        <test-method is-config="true" signature="tearDown(org.testng.ITestResult)[pri:0, instance:Tests.RegistrationTest@33fe57a9]" started-at="2026-06-06T16:50:56 IST" name="tearDown" finished-at="2026-06-06T16:50:56 IST" duration-ms="120" status="PASS">
          <params>
            <param index="0">
              <value>
                <![CDATA[[TestResult name=registrationTest status=SUCCESS method=RegistrationTest.registrationTest(java.lang.String,java.lang.String,java.lang.String,java.lang.String,java.lang.String,java.lang.String,java.lang.String,java.lang.String,java.lang.String,java.lang.String)[pri:0, instance:Tests.RegistrationTest@33fe57a9] output={null}]]]>
              </value>
            </param>
          </params>
          <reporter-output>
          </reporter-output>
        </test-method> <!-- tearDown -->
        <test-method is-config="true" signature="setup()[pri:0, instance:Tests.RegistrationTest@33fe57a9]" started-at="2026-06-06T16:50:56 IST" name="setup" finished-at="2026-06-06T16:50:58 IST" duration-ms="1766" status="PASS">
          <reporter-output>
          </reporter-output>
        </test-method> <!-- setup -->
        <test-method signature="registrationTest(java.lang.String,java.lang.String,java.lang.String,java.lang.String,java.lang.String,java.lang.String,java.lang.String,java.lang.String,java.lang.String,java.lang.String)[pri:0, instance:Tests.RegistrationTest@33fe57a9]" started-at="2026-06-06T16:50:58 IST" name="registrationTest" data-provider="registrationData" finished-at="2026-06-06T16:51:00 IST" duration-ms="2460" status="PASS">
          <params>
            <param index="0">
              <value>
                <![CDATA[Priya]]>
              </value>
            </param>
            <param index="1">
              <value>
                <![CDATA[Sharma]]>
              </value>
            </param>
            <param index="2">
              <value>
                <![CDATA[RS Puram]]>
              </value>
            </param>
            <param index="3">
              <value>
                <![CDATA[Coimbatore]]>
              </value>
            </param>
            <param index="4">
              <value>
                <![CDATA[Tamil Nadu]]>
              </value>
            </param>
            <param index="5">
              <value>
                <![CDATA[641002.0]]>
              </value>
            </param>
            <param index="6">
              <value>
                <![CDATA[9.876543212E9]]>
              </value>
            </param>
            <param index="7">
              <value>
                <![CDATA[1.23456781E8]]>
              </value>
            </param>
            <param index="8">
              <value>
                <![CDATA[priya]]>
              </value>
            </param>
            <param index="9">
              <value>
                <![CDATA[1.2345678E7]]>
              </value>
            </param>
          </params>
          <reporter-output>
          </reporter-output>
        </test-method> <!-- registrationTest -->
        <test-method is-config="true" signature="tearDown(org.testng.ITestResult)[pri:0, instance:Tests.RegistrationTest@33fe57a9]" started-at="2026-06-06T16:51:00 IST" name="tearDown" finished-at="2026-06-06T16:51:00 IST" duration-ms="82" status="PASS">
          <params>
            <param index="0">
              <value>
                <![CDATA[[TestResult name=registrationTest status=SUCCESS method=RegistrationTest.registrationTest(java.lang.String,java.lang.String,java.lang.String,java.lang.String,java.lang.String,java.lang.String,java.lang.String,java.lang.String,java.lang.String,java.lang.String)[pri:0, instance:Tests.RegistrationTest@33fe57a9] output={null}]]]>
              </value>
            </param>
          </params>
          <reporter-output>
          </reporter-output>
        </test-method> <!-- tearDown -->
        <test-method is-config="true" signature="setup()[pri:0, instance:Tests.RegistrationTest@33fe57a9]" started-at="2026-06-06T16:51:00 IST" name="setup" finished-at="2026-06-06T16:51:01 IST" duration-ms="1329" status="PASS">
          <reporter-output>
          </reporter-output>
        </test-method> <!-- setup -->
        <test-method signature="registrationTest(java.lang.String,java.lang.String,java.lang.String,java.lang.String,java.lang.String,java.lang.String,java.lang.String,java.lang.String,java.lang.String,java.lang.String)[pri:0, instance:Tests.RegistrationTest@33fe57a9]" started-at="2026-06-06T16:51:01 IST" name="registrationTest" data-provider="registrationData" finished-at="2026-06-06T16:51:04 IST" duration-ms="2635" status="PASS">
          <params>
            <param index="0">
              <value>
                <![CDATA[Rahul]]>
              </value>
            </param>
            <param index="1">
              <value>
                <![CDATA[Verma]]>
              </value>
            </param>
            <param index="2">
              <value>
                <![CDATA[Peelamedu]]>
              </value>
            </param>
            <param index="3">
              <value>
                <![CDATA[Coimbatore]]>
              </value>
            </param>
            <param index="4">
              <value>
                <![CDATA[Tamil Nadu]]>
              </value>
            </param>
            <param index="5">
              <value>
                <![CDATA[641004.0]]>
              </value>
            </param>
            <param index="6">
              <value>
                <![CDATA[9.876543213E9]]>
              </value>
            </param>
            <param index="7">
              <value>
                <![CDATA[1.23456782E8]]>
              </value>
            </param>
            <param index="8">
              <value>
                <![CDATA[rahul]]>
              </value>
            </param>
            <param index="9">
              <value>
                <![CDATA[1.2345678E7]]>
              </value>
            </param>
          </params>
          <reporter-output>
          </reporter-output>
        </test-method> <!-- registrationTest -->
        <test-method is-config="true" signature="tearDown(org.testng.ITestResult)[pri:0, instance:Tests.RegistrationTest@33fe57a9]" started-at="2026-06-06T16:51:04 IST" name="tearDown" finished-at="2026-06-06T16:51:04 IST" duration-ms="80" status="PASS">
          <params>
            <param index="0">
              <value>
                <![CDATA[[TestResult name=registrationTest status=SUCCESS method=RegistrationTest.registrationTest(java.lang.String,java.lang.String,java.lang.String,java.lang.String,java.lang.String,java.lang.String,java.lang.String,java.lang.String,java.lang.String,java.lang.String)[pri:0, instance:Tests.RegistrationTest@33fe57a9] output={null}]]]>
              </value>
            </param>
          </params>
          <reporter-output>
          </reporter-output>
        </test-method> <!-- tearDown -->
        <test-method is-config="true" signature="setup()[pri:0, instance:Tests.RegistrationTest@33fe57a9]" started-at="2026-06-06T16:51:04 IST" name="setup" finished-at="2026-06-06T16:51:05 IST" duration-ms="1395" status="PASS">
          <reporter-output>
          </reporter-output>
        </test-method> <!-- setup -->
        <test-method signature="registrationTest(java.lang.String,java.lang.String,java.lang.String,java.lang.String,java.lang.String,java.lang.String,java.lang.String,java.lang.String,java.lang.String,java.lang.String)[pri:0, instance:Tests.RegistrationTest@33fe57a9]" started-at="2026-06-06T16:51:05 IST" name="registrationTest" data-provider="registrationData" finished-at="2026-06-06T16:51:08 IST" duration-ms="2529" status="PASS">
          <params>
            <param index="0">
              <value>
                <![CDATA[Divya]]>
              </value>
            </param>
            <param index="1">
              <value>
                <![CDATA[Nair]]>
              </value>
            </param>
            <param index="2">
              <value>
                <![CDATA[Saibaba Colony]]>
              </value>
            </param>
            <param index="3">
              <value>
                <![CDATA[Coimbatore]]>
              </value>
            </param>
            <param index="4">
              <value>
                <![CDATA[Tamil Nadu]]>
              </value>
            </param>
            <param index="5">
              <value>
                <![CDATA[641011.0]]>
              </value>
            </param>
            <param index="6">
              <value>
                <![CDATA[9.876543214E9]]>
              </value>
            </param>
            <param index="7">
              <value>
                <![CDATA[1.23456783E8]]>
              </value>
            </param>
            <param index="8">
              <value>
                <![CDATA[divya]]>
              </value>
            </param>
            <param index="9">
              <value>
                <![CDATA[1.2345678E7]]>
              </value>
            </param>
          </params>
          <reporter-output>
          </reporter-output>
        </test-method> <!-- registrationTest -->
        <test-method is-config="true" signature="tearDown(org.testng.ITestResult)[pri:0, instance:Tests.RegistrationTest@33fe57a9]" started-at="2026-06-06T16:51:08 IST" name="tearDown" finished-at="2026-06-06T16:51:08 IST" duration-ms="83" status="PASS">
          <params>
            <param index="0">
              <value>
                <![CDATA[[TestResult name=registrationTest status=SUCCESS method=RegistrationTest.registrationTest(java.lang.String,java.lang.String,java.lang.String,java.lang.String,java.lang.String,java.lang.String,java.lang.String,java.lang.String,java.lang.String,java.lang.String)[pri:0, instance:Tests.RegistrationTest@33fe57a9] output={null}]]]>
              </value>
            </param>
          </params>
          <reporter-output>
          </reporter-output>
        </test-method> <!-- tearDown -->
        <test-method is-config="true" signature="setup()[pri:0, instance:Tests.RegistrationTest@33fe57a9]" started-at="2026-06-06T16:51:08 IST" name="setup" finished-at="2026-06-06T16:51:10 IST" duration-ms="1472" status="PASS">
          <reporter-output>
          </reporter-output>
        </test-method> <!-- setup -->
        <test-method signature="registrationTest(java.lang.String,java.lang.String,java.lang.String,java.lang.String,java.lang.String,java.lang.String,java.lang.String,java.lang.String,java.lang.String,java.lang.String)[pri:0, instance:Tests.RegistrationTest@33fe57a9]" started-at="2026-06-06T16:51:10 IST" name="registrationTest" data-provider="registrationData" finished-at="2026-06-06T16:51:13 IST" duration-ms="3833" status="PASS">
          <params>
            <param index="0">
              <value>
                <![CDATA[Karthik]]>
              </value>
            </param>
            <param index="1">
              <value>
                <![CDATA[Raj]]>
              </value>
            </param>
            <param index="2">
              <value>
                <![CDATA[Singanallur]]>
              </value>
            </param>
            <param index="3">
              <value>
                <![CDATA[Coimbatore]]>
              </value>
            </param>
            <param index="4">
              <value>
                <![CDATA[Tamil Nadu]]>
              </value>
            </param>
            <param index="5">
              <value>
                <![CDATA[641005.0]]>
              </value>
            </param>
            <param index="6">
              <value>
                <![CDATA[9.876543215E9]]>
              </value>
            </param>
            <param index="7">
              <value>
                <![CDATA[1.23456784E8]]>
              </value>
            </param>
            <param index="8">
              <value>
                <![CDATA[karthik]]>
              </value>
            </param>
            <param index="9">
              <value>
                <![CDATA[1.2345678E7]]>
              </value>
            </param>
          </params>
          <reporter-output>
          </reporter-output>
        </test-method> <!-- registrationTest -->
        <test-method is-config="true" signature="tearDown(org.testng.ITestResult)[pri:0, instance:Tests.RegistrationTest@33fe57a9]" started-at="2026-06-06T16:51:13 IST" name="tearDown" finished-at="2026-06-06T16:51:13 IST" duration-ms="80" status="PASS">
          <params>
            <param index="0">
              <value>
                <![CDATA[[TestResult name=registrationTest status=SUCCESS method=RegistrationTest.registrationTest(java.lang.String,java.lang.String,java.lang.String,java.lang.String,java.lang.String,java.lang.String,java.lang.String,java.lang.String,java.lang.String,java.lang.String)[pri:0, instance:Tests.RegistrationTest@33fe57a9] output={null}]]]>
              </value>
            </param>
          </params>
          <reporter-output>
          </reporter-output>
        </test-method> <!-- tearDown -->
        <test-method is-config="true" signature="setup()[pri:0, instance:Tests.RegistrationTest@33fe57a9]" started-at="2026-06-06T16:51:13 IST" name="setup" finished-at="2026-06-06T16:51:15 IST" duration-ms="1478" status="PASS">
          <reporter-output>
          </reporter-output>
        </test-method> <!-- setup -->
        <test-method signature="registrationTest(java.lang.String,java.lang.String,java.lang.String,java.lang.String,java.lang.String,java.lang.String,java.lang.String,java.lang.String,java.lang.String,java.lang.String)[pri:0, instance:Tests.RegistrationTest@33fe57a9]" started-at="2026-06-06T16:51:15 IST" name="registrationTest" data-provider="registrationData" finished-at="2026-06-06T16:51:17 IST" duration-ms="2513" status="PASS">
          <params>
            <param index="0">
              <value>
                <![CDATA[Meena]]>
              </value>
            </param>
            <param index="1">
              <value>
                <![CDATA[Joseph]]>
              </value>
            </param>
            <param index="2">
              <value>
                <![CDATA[Race Course]]>
              </value>
            </param>
            <param index="3">
              <value>
                <![CDATA[Coimbatore]]>
              </value>
            </param>
            <param index="4">
              <value>
                <![CDATA[Tamil Nadu]]>
              </value>
            </param>
            <param index="5">
              <value>
                <![CDATA[641018.0]]>
              </value>
            </param>
            <param index="6">
              <value>
                <![CDATA[9.876543216E9]]>
              </value>
            </param>
            <param index="7">
              <value>
                <![CDATA[1.23456785E8]]>
              </value>
            </param>
            <param index="8">
              <value>
                <![CDATA[meena]]>
              </value>
            </param>
            <param index="9">
              <value>
                <![CDATA[1.2345678E7]]>
              </value>
            </param>
          </params>
          <reporter-output>
          </reporter-output>
        </test-method> <!-- registrationTest -->
        <test-method is-config="true" signature="tearDown(org.testng.ITestResult)[pri:0, instance:Tests.RegistrationTest@33fe57a9]" started-at="2026-06-06T16:51:17 IST" name="tearDown" finished-at="2026-06-06T16:51:18 IST" duration-ms="88" status="PASS">
          <params>
            <param index="0">
              <value>
                <![CDATA[[TestResult name=registrationTest status=SUCCESS method=RegistrationTest.registrationTest(java.lang.String,java.lang.String,java.lang.String,java.lang.String,java.lang.String,java.lang.String,java.lang.String,java.lang.String,java.lang.String,java.lang.String)[pri:0, instance:Tests.RegistrationTest@33fe57a9] output={null}]]]>
              </value>
            </param>
          </params>
          <reporter-output>
          </reporter-output>
        </test-method> <!-- tearDown -->
        <test-method is-config="true" signature="setup()[pri:0, instance:Tests.RegistrationTest@33fe57a9]" started-at="2026-06-06T16:51:18 IST" name="setup" finished-at="2026-06-06T16:51:20 IST" duration-ms="2740" status="PASS">
          <reporter-output>
          </reporter-output>
        </test-method> <!-- setup -->
        <test-method signature="registrationTest(java.lang.String,java.lang.String,java.lang.String,java.lang.String,java.lang.String,java.lang.String,java.lang.String,java.lang.String,java.lang.String,java.lang.String)[pri:0, instance:Tests.RegistrationTest@33fe57a9]" started-at="2026-06-06T16:51:20 IST" name="registrationTest" data-provider="registrationData" finished-at="2026-06-06T16:51:21 IST" duration-ms="1127" status="PASS">
          <params>
            <param index="0">
              <value>
                <![CDATA[Sanjay]]>
              </value>
            </param>
            <param index="1">
              <value>
                <![CDATA[Patel]]>
              </value>
            </param>
            <param index="2">
              <value>
                <![CDATA[Avinashi Road]]>
              </value>
            </param>
            <param index="3">
              <value>
                <![CDATA[Coimbatore]]>
              </value>
            </param>
            <param index="4">
              <value>
                <![CDATA[Tamil Nadu]]>
              </value>
            </param>
            <param index="5">
              <value>
                <![CDATA[641014.0]]>
              </value>
            </param>
            <param index="6">
              <value>
                <![CDATA[9.876543217E9]]>
              </value>
            </param>
            <param index="7">
              <value>
                <![CDATA[1.23456786E8]]>
              </value>
            </param>
            <param index="8">
              <value>
                <![CDATA[sanjay]]>
              </value>
            </param>
            <param index="9">
              <value>
                <![CDATA[1.2345678E7]]>
              </value>
            </param>
          </params>
          <reporter-output>
          </reporter-output>
        </test-method> <!-- registrationTest -->
        <test-method is-config="true" signature="tearDown(org.testng.ITestResult)[pri:0, instance:Tests.RegistrationTest@33fe57a9]" started-at="2026-06-06T16:51:21 IST" name="tearDown" finished-at="2026-06-06T16:51:22 IST" duration-ms="86" status="PASS">
          <params>
            <param index="0">
              <value>
                <![CDATA[[TestResult name=registrationTest status=SUCCESS method=RegistrationTest.registrationTest(java.lang.String,java.lang.String,java.lang.String,java.lang.String,java.lang.String,java.lang.String,java.lang.String,java.lang.String,java.lang.String,java.lang.String)[pri:0, instance:Tests.RegistrationTest@33fe57a9] output={null}]]]>
              </value>
            </param>
          </params>
          <reporter-output>
          </reporter-output>
        </test-method> <!-- tearDown -->
        <test-method is-config="true" signature="setup()[pri:0, instance:Tests.RegistrationTest@33fe57a9]" started-at="2026-06-06T16:51:22 IST" name="setup" finished-at="2026-06-06T16:51:23 IST" duration-ms="1432" status="PASS">
          <reporter-output>
          </reporter-output>
        </test-method> <!-- setup -->
        <test-method signature="registrationTest(java.lang.String,java.lang.String,java.lang.String,java.lang.String,java.lang.String,java.lang.String,java.lang.String,java.lang.String,java.lang.String,java.lang.String)[pri:0, instance:Tests.RegistrationTest@33fe57a9]" started-at="2026-06-06T16:51:23 IST" name="registrationTest" data-provider="registrationData" finished-at="2026-06-06T16:51:26 IST" duration-ms="3113" status="PASS">
          <params>
            <param index="0">
              <value>
                <![CDATA[Anitha]]>
              </value>
            </param>
            <param index="1">
              <value>
                <![CDATA[Reddy]]>
              </value>
            </param>
            <param index="2">
              <value>
                <![CDATA[Hopes]]>
              </value>
            </param>
            <param index="3">
              <value>
                <![CDATA[Coimbatore]]>
              </value>
            </param>
            <param index="4">
              <value>
                <![CDATA[Tamil Nadu]]>
              </value>
            </param>
            <param index="5">
              <value>
                <![CDATA[641015.0]]>
              </value>
            </param>
            <param index="6">
              <value>
                <![CDATA[9.876543218E9]]>
              </value>
            </param>
            <param index="7">
              <value>
                <![CDATA[1.23456787E8]]>
              </value>
            </param>
            <param index="8">
              <value>
                <![CDATA[anitha]]>
              </value>
            </param>
            <param index="9">
              <value>
                <![CDATA[1.2345678E7]]>
              </value>
            </param>
          </params>
          <reporter-output>
          </reporter-output>
        </test-method> <!-- registrationTest -->
        <test-method is-config="true" signature="tearDown(org.testng.ITestResult)[pri:0, instance:Tests.RegistrationTest@33fe57a9]" started-at="2026-06-06T16:51:26 IST" name="tearDown" finished-at="2026-06-06T16:51:26 IST" duration-ms="85" status="PASS">
          <params>
            <param index="0">
              <value>
                <![CDATA[[TestResult name=registrationTest status=SUCCESS method=RegistrationTest.registrationTest(java.lang.String,java.lang.String,java.lang.String,java.lang.String,java.lang.String,java.lang.String,java.lang.String,java.lang.String,java.lang.String,java.lang.String)[pri:0, instance:Tests.RegistrationTest@33fe57a9] output={null}]]]>
              </value>
            </param>
          </params>
          <reporter-output>
          </reporter-output>
        </test-method> <!-- tearDown -->
        <test-method is-config="true" signature="setup()[pri:0, instance:Tests.RegistrationTest@33fe57a9]" started-at="2026-06-06T16:51:26 IST" name="setup" finished-at="2026-06-06T16:51:30 IST" duration-ms="3382" status="PASS">
          <reporter-output>
          </reporter-output>
        </test-method> <!-- setup -->
        <test-method signature="registrationTest(java.lang.String,java.lang.String,java.lang.String,java.lang.String,java.lang.String,java.lang.String,java.lang.String,java.lang.String,java.lang.String,java.lang.String)[pri:0, instance:Tests.RegistrationTest@33fe57a9]" started-at="2026-06-06T16:51:30 IST" name="registrationTest" data-provider="registrationData" finished-at="2026-06-06T16:51:31 IST" duration-ms="1119" status="PASS">
          <params>
            <param index="0">
              <value>
                <![CDATA[Vikram]]>
              </value>
            </param>
            <param index="1">
              <value>
                <![CDATA[Singh]]>
              </value>
            </param>
            <param index="2">
              <value>
                <![CDATA[Vadavalli]]>
              </value>
            </param>
            <param index="3">
              <value>
                <![CDATA[Coimbatore]]>
              </value>
            </param>
            <param index="4">
              <value>
                <![CDATA[Tamil Nadu]]>
              </value>
            </param>
            <param index="5">
              <value>
                <![CDATA[641041.0]]>
              </value>
            </param>
            <param index="6">
              <value>
                <![CDATA[9.876543219E9]]>
              </value>
            </param>
            <param index="7">
              <value>
                <![CDATA[1.23456788E8]]>
              </value>
            </param>
            <param index="8">
              <value>
                <![CDATA[vikram]]>
              </value>
            </param>
            <param index="9">
              <value>
                <![CDATA[1.2345678E7]]>
              </value>
            </param>
          </params>
          <reporter-output>
          </reporter-output>
        </test-method> <!-- registrationTest -->
        <test-method is-config="true" signature="tearDown(org.testng.ITestResult)[pri:0, instance:Tests.RegistrationTest@33fe57a9]" started-at="2026-06-06T16:51:31 IST" name="tearDown" finished-at="2026-06-06T16:51:31 IST" duration-ms="85" status="PASS">
          <params>
            <param index="0">
              <value>
                <![CDATA[[TestResult name=registrationTest status=SUCCESS method=RegistrationTest.registrationTest(java.lang.String,java.lang.String,java.lang.String,java.lang.String,java.lang.String,java.lang.String,java.lang.String,java.lang.String,java.lang.String,java.lang.String)[pri:0, instance:Tests.RegistrationTest@33fe57a9] output={null}]]]>
              </value>
            </param>
          </params>
          <reporter-output>
          </reporter-output>
        </test-method> <!-- tearDown -->
      </class> <!-- Tests.RegistrationTest -->
      <class name="Tests.OpenAccountTest">
        <test-method is-config="true" signature="setup()[pri:0, instance:Tests.OpenAccountTest@61a88b8c]" started-at="2026-06-06T16:51:35 IST" name="setup" finished-at="2026-06-06T16:51:36 IST" duration-ms="1356" status="PASS">
          <reporter-output>
          </reporter-output>
        </test-method> <!-- setup -->
        <test-method signature="openAccountTest()[pri:0, instance:Tests.OpenAccountTest@61a88b8c]" started-at="2026-06-06T16:51:36 IST" name="openAccountTest" finished-at="2026-06-06T16:51:39 IST" duration-ms="3101" status="PASS">
          <reporter-output>
          </reporter-output>
        </test-method> <!-- openAccountTest -->
        <test-method is-config="true" signature="tearDown(org.testng.ITestResult)[pri:0, instance:Tests.OpenAccountTest@61a88b8c]" started-at="2026-06-06T16:51:39 IST" name="tearDown" finished-at="2026-06-06T16:51:40 IST" duration-ms="85" status="PASS">
          <params>
            <param index="0">
              <value>
                <![CDATA[[TestResult name=openAccountTest status=SUCCESS method=OpenAccountTest.openAccountTest()[pri:0, instance:Tests.OpenAccountTest@61a88b8c] output={null}]]]>
              </value>
            </param>
          </params>
          <reporter-output>
          </reporter-output>
        </test-method> <!-- tearDown -->
      </class> <!-- Tests.OpenAccountTest -->
      <class name="Tests.BillPayTest">
        <test-method is-config="true" signature="setup()[pri:0, instance:Tests.BillPayTest@5adb0db3]" started-at="2026-06-06T16:51:45 IST" name="setup" finished-at="2026-06-06T16:51:46 IST" duration-ms="1345" status="PASS">
          <reporter-output>
          </reporter-output>
        </test-method> <!-- setup -->
        <test-method signature="billPayTest()[pri:1, instance:Tests.BillPayTest@5adb0db3]" started-at="2026-06-06T16:51:46 IST" name="billPayTest" finished-at="2026-06-06T16:51:50 IST" duration-ms="3455" status="PASS">
          <reporter-output>
          </reporter-output>
        </test-method> <!-- billPayTest -->
        <test-method is-config="true" signature="tearDown(org.testng.ITestResult)[pri:0, instance:Tests.BillPayTest@5adb0db3]" started-at="2026-06-06T16:51:50 IST" name="tearDown" finished-at="2026-06-06T16:51:50 IST" duration-ms="85" status="PASS">
          <params>
            <param index="0">
              <value>
                <![CDATA[[TestResult name=billPayTest status=SUCCESS method=BillPayTest.billPayTest()[pri:1, instance:Tests.BillPayTest@5adb0db3] output={null}]]]>
              </value>
            </param>
          </params>
          <reporter-output>
          </reporter-output>
        </test-method> <!-- tearDown -->
      </class> <!-- Tests.BillPayTest -->
      <class name="Tests.LoginTest">
        <test-method is-config="true" signature="setup()[pri:0, instance:Tests.LoginTest@71529963]" started-at="2026-06-06T16:51:31 IST" name="setup" finished-at="2026-06-06T16:51:32 IST" duration-ms="1442" status="PASS">
          <reporter-output>
          </reporter-output>
        </test-method> <!-- setup -->
        <test-method signature="loginTest()[pri:0, instance:Tests.LoginTest@71529963]" started-at="2026-06-06T16:51:32 IST" name="loginTest" finished-at="2026-06-06T16:51:35 IST" duration-ms="2738" status="PASS">
          <reporter-output>
          </reporter-output>
        </test-method> <!-- loginTest -->
        <test-method is-config="true" signature="tearDown(org.testng.ITestResult)[pri:0, instance:Tests.LoginTest@71529963]" started-at="2026-06-06T16:51:35 IST" name="tearDown" finished-at="2026-06-06T16:51:35 IST" duration-ms="90" status="PASS">
          <params>
            <param index="0">
              <value>
                <![CDATA[[TestResult name=loginTest status=SUCCESS method=LoginTest.loginTest()[pri:0, instance:Tests.LoginTest@71529963] output={null}]]]>
              </value>
            </param>
          </params>
          <reporter-output>
          </reporter-output>
        </test-method> <!-- tearDown -->
      </class> <!-- Tests.LoginTest -->
      <class name="Tests.TransferFundsTest">
        <test-method is-config="true" signature="setup()[pri:0, instance:Tests.TransferFundsTest@22295ec4]" started-at="2026-06-06T16:51:40 IST" name="setup" finished-at="2026-06-06T16:51:41 IST" duration-ms="1399" status="PASS">
          <reporter-output>
          </reporter-output>
        </test-method> <!-- setup -->
        <test-method signature="transferFundsTest()[pri:1, instance:Tests.TransferFundsTest@22295ec4]" started-at="2026-06-06T16:51:41 IST" name="transferFundsTest" finished-at="2026-06-06T16:51:45 IST" duration-ms="3901" status="PASS">
          <reporter-output>
          </reporter-output>
        </test-method> <!-- transferFundsTest -->
        <test-method is-config="true" signature="tearDown(org.testng.ITestResult)[pri:0, instance:Tests.TransferFundsTest@22295ec4]" started-at="2026-06-06T16:51:45 IST" name="tearDown" finished-at="2026-06-06T16:51:45 IST" duration-ms="89" status="PASS">
          <params>
            <param index="0">
              <value>
                <![CDATA[[TestResult name=transferFundsTest status=SUCCESS method=TransferFundsTest.transferFundsTest()[pri:1, instance:Tests.TransferFundsTest@22295ec4] output={null}]]]>
              </value>
            </param>
          </params>
          <reporter-output>
          </reporter-output>
        </test-method> <!-- tearDown -->
      </class> <!-- Tests.TransferFundsTest -->
    </test> <!-- ParaBank Tests -->
  </suite> <!-- ParaBank Suite -->
</testng-results>
