<?xml version="1.0" encoding="UTF-8"?>
<testng-results ignored="0" total="18" passed="14" failed="4" skipped="0">
  <reporter-output>
  </reporter-output>
  <suite started-at="2026-06-08T12:09:44 IST" name="ParaBank Suite" finished-at="2026-06-08T12:11:01 IST" duration-ms="76960">
    <groups>
    </groups>
    <test started-at="2026-06-08T12:09:44 IST" name="ParaBank Tests" finished-at="2026-06-08T12:11:01 IST" duration-ms="76960">
      <class name="Tests.RegistrationTest">
        <test-method is-config="true" signature="createUser()[pri:0, instance:Tests.RegistrationTest@e19bb76]" started-at="2026-06-08T12:09:39 IST" name="createUser" finished-at="2026-06-08T12:09:44 IST" duration-ms="5131" status="PASS">
          <reporter-output>
          </reporter-output>
        </test-method> <!-- createUser -->
        <test-method is-config="true" signature="setup()[pri:0, instance:Tests.RegistrationTest@e19bb76]" started-at="2026-06-08T12:09:45 IST" name="setup" finished-at="2026-06-08T12:09:46 IST" duration-ms="1375" status="PASS">
          <reporter-output>
          </reporter-output>
        </test-method> <!-- setup -->
        <test-method signature="registrationTest(java.lang.String,java.lang.String,java.lang.String,java.lang.String,java.lang.String,java.lang.String,java.lang.String,java.lang.String,java.lang.String,java.lang.String)[pri:0, instance:Tests.RegistrationTest@e19bb76]" started-at="2026-06-08T12:09:46 IST" name="registrationTest" data-provider="registrationData" finished-at="2026-06-08T12:09:49 IST" duration-ms="2349" status="PASS">
          <params>
            <param index="0">
              <value>
                <![CDATA[Surya]]>
              </value>
            </param>
            <param index="1">
              <value>
                <![CDATA[Prakash]]>
              </value>
            </param>
            <param index="2">
              <value>
                <![CDATA[Coimbatore]]>
              </value>
            </param>
            <param index="3">
              <value>
                <![CDATA[Coimbatore]]>
              </value>
            </param>
            <param index="4">
              <value>
                <![CDATA[Tamil Nadu]]>
              </value>
            </param>
            <param index="5">
              <value>
                <![CDATA[641001.0]]>
              </value>
            </param>
            <param index="6">
              <value>
                <![CDATA[9.87654321E9]]>
              </value>
            </param>
            <param index="7">
              <value>
                <![CDATA[1.23456789E8]]>
              </value>
            </param>
            <param index="8">
              <value>
                <![CDATA[surya]]>
              </value>
            </param>
            <param index="9">
              <value>
                <![CDATA[1.2345678E7]]>
              </value>
            </param>
          </params>
          <reporter-output>
          </reporter-output>
        </test-method> <!-- registrationTest -->
        <test-method is-config="true" signature="tearDown(org.testng.ITestResult)[pri:0, instance:Tests.RegistrationTest@e19bb76]" started-at="2026-06-08T12:09:49 IST" name="tearDown" finished-at="2026-06-08T12:09:49 IST" duration-ms="83" status="PASS">
          <params>
            <param index="0">
              <value>
                <![CDATA[[TestResult name=registrationTest status=SUCCESS method=RegistrationTest.registrationTest(java.lang.String,java.lang.String,java.lang.String,java.lang.String,java.lang.String,java.lang.String,java.lang.String,java.lang.String,java.lang.String,java.lang.String)[pri:0, instance:Tests.RegistrationTest@e19bb76] output={null}]]]>
              </value>
            </param>
          </params>
          <reporter-output>
          </reporter-output>
        </test-method> <!-- tearDown -->
        <test-method is-config="true" signature="setup()[pri:0, instance:Tests.RegistrationTest@e19bb76]" started-at="2026-06-08T12:09:49 IST" name="setup" finished-at="2026-06-08T12:09:51 IST" duration-ms="2261" status="PASS">
          <reporter-output>
          </reporter-output>
        </test-method> <!-- setup -->
        <test-method signature="registrationTest(java.lang.String,java.lang.String,java.lang.String,java.lang.String,java.lang.String,java.lang.String,java.lang.String,java.lang.String,java.lang.String,java.lang.String)[pri:0, instance:Tests.RegistrationTest@e19bb76]" started-at="2026-06-08T12:09:51 IST" name="registrationTest" data-provider="registrationData" finished-at="2026-06-08T12:09:52 IST" duration-ms="1273" status="PASS">
          <params>
            <param index="0">
              <value>
                <![CDATA[Arun]]>
              </value>
            </param>
            <param index="1">
              <value>
                <![CDATA[Kumar]]>
              </value>
            </param>
            <param index="2">
              <value>
                <![CDATA[Gandhipuram]]>
              </value>
            </param>
            <param index="3">
              <value>
                <![CDATA[Coimbatore]]>
              </value>
            </param>
            <param index="4">
              <value>
                <![CDATA[Tamil Nadu]]>
              </value>
            </param>
            <param index="5">
              <value>
                <![CDATA[641012.0]]>
              </value>
            </param>
            <param index="6">
              <value>
                <![CDATA[9.876543211E9]]>
              </value>
            </param>
            <param index="7">
              <value>
                <![CDATA[1.2345678E8]]>
              </value>
            </param>
            <param index="8">
              <value>
                <![CDATA[arun]]>
              </value>
            </param>
            <param index="9">
              <value>
                <![CDATA[1.2345678E7]]>
              </value>
            </param>
          </params>
          <reporter-output>
          </reporter-output>
        </test-method> <!-- registrationTest -->
        <test-method is-config="true" signature="tearDown(org.testng.ITestResult)[pri:0, instance:Tests.RegistrationTest@e19bb76]" started-at="2026-06-08T12:09:52 IST" name="tearDown" finished-at="2026-06-08T12:09:52 IST" duration-ms="82" status="PASS">
          <params>
            <param index="0">
              <value>
                <![CDATA[[TestResult name=registrationTest status=SUCCESS method=RegistrationTest.registrationTest(java.lang.String,java.lang.String,java.lang.String,java.lang.String,java.lang.String,java.lang.String,java.lang.String,java.lang.String,java.lang.String,java.lang.String)[pri:0, instance:Tests.RegistrationTest@e19bb76] output={null}]]]>
              </value>
            </param>
          </params>
          <reporter-output>
          </reporter-output>
        </test-method> <!-- tearDown -->
        <test-method is-config="true" signature="setup()[pri:0, instance:Tests.RegistrationTest@e19bb76]" started-at="2026-06-08T12:09:52 IST" name="setup" finished-at="2026-06-08T12:09:54 IST" duration-ms="1390" status="PASS">
          <reporter-output>
          </reporter-output>
        </test-method> <!-- setup -->
        <test-method signature="registrationTest(java.lang.String,java.lang.String,java.lang.String,java.lang.String,java.lang.String,java.lang.String,java.lang.String,java.lang.String,java.lang.String,java.lang.String)[pri:0, instance:Tests.RegistrationTest@e19bb76]" started-at="2026-06-08T12:09:54 IST" name="registrationTest" data-provider="registrationData" finished-at="2026-06-08T12:09:56 IST" duration-ms="2464" status="PASS">
          <params>
            <param index="0">
              <value>
                <![CDATA[Priya]]>
              </value>
            </param>
            <param index="1">
              <value>
                <![CDATA[Sharma]]>
              </value>
            </param>
            <param index="2">
              <value>
                <![CDATA[RS Puram]]>
              </value>
            </param>
            <param index="3">
              <value>
                <![CDATA[Coimbatore]]>
              </value>
            </param>
            <param index="4">
              <value>
                <![CDATA[Tamil Nadu]]>
              </value>
            </param>
            <param index="5">
              <value>
                <![CDATA[641002.0]]>
              </value>
            </param>
            <param index="6">
              <value>
                <![CDATA[9.876543212E9]]>
              </value>
            </param>
            <param index="7">
              <value>
                <![CDATA[1.23456781E8]]>
              </value>
            </param>
            <param index="8">
              <value>
                <![CDATA[priya]]>
              </value>
            </param>
            <param index="9">
              <value>
                <![CDATA[1.2345678E7]]>
              </value>
            </param>
          </params>
          <reporter-output>
          </reporter-output>
        </test-method> <!-- registrationTest -->
        <test-method is-config="true" signature="tearDown(org.testng.ITestResult)[pri:0, instance:Tests.RegistrationTest@e19bb76]" started-at="2026-06-08T12:09:56 IST" name="tearDown" finished-at="2026-06-08T12:09:56 IST" duration-ms="88" status="PASS">
          <params>
            <param index="0">
              <value>
                <![CDATA[[TestResult name=registrationTest status=SUCCESS method=RegistrationTest.registrationTest(java.lang.String,java.lang.String,java.lang.String,java.lang.String,java.lang.String,java.lang.String,java.lang.String,java.lang.String,java.lang.String,java.lang.String)[pri:0, instance:Tests.RegistrationTest@e19bb76] output={null}]]]>
              </value>
            </param>
          </params>
          <reporter-output>
          </reporter-output>
        </test-method> <!-- tearDown -->
        <test-method is-config="true" signature="setup()[pri:0, instance:Tests.RegistrationTest@e19bb76]" started-at="2026-06-08T12:09:56 IST" name="setup" finished-at="2026-06-08T12:09:59 IST" duration-ms="2509" status="PASS">
          <reporter-output>
          </reporter-output>
        </test-method> <!-- setup -->
        <test-method signature="registrationTest(java.lang.String,java.lang.String,java.lang.String,java.lang.String,java.lang.String,java.lang.String,java.lang.String,java.lang.String,java.lang.String,java.lang.String)[pri:0, instance:Tests.RegistrationTest@e19bb76]" started-at="2026-06-08T12:09:59 IST" name="registrationTest" data-provider="registrationData" finished-at="2026-06-08T12:10:00 IST" duration-ms="1602" status="PASS">
          <params>
            <param index="0">
              <value>
                <![CDATA[Rahul]]>
              </value>
            </param>
            <param index="1">
              <value>
                <![CDATA[Verma]]>
              </value>
            </param>
            <param index="2">
              <value>
                <![CDATA[Peelamedu]]>
              </value>
            </param>
            <param index="3">
              <value>
                <![CDATA[Coimbatore]]>
              </value>
            </param>
            <param index="4">
              <value>
                <![CDATA[Tamil Nadu]]>
              </value>
            </param>
            <param index="5">
              <value>
                <![CDATA[641004.0]]>
              </value>
            </param>
            <param index="6">
              <value>
                <![CDATA[9.876543213E9]]>
              </value>
            </param>
            <param index="7">
              <value>
                <![CDATA[1.23456782E8]]>
              </value>
            </param>
            <param index="8">
              <value>
                <![CDATA[rahul]]>
              </value>
            </param>
            <param index="9">
              <value>
                <![CDATA[1.2345678E7]]>
              </value>
            </param>
          </params>
          <reporter-output>
          </reporter-output>
        </test-method> <!-- registrationTest -->
        <test-method is-config="true" signature="tearDown(org.testng.ITestResult)[pri:0, instance:Tests.RegistrationTest@e19bb76]" started-at="2026-06-08T12:10:00 IST" name="tearDown" finished-at="2026-06-08T12:10:00 IST" duration-ms="84" status="PASS">
          <params>
            <param index="0">
              <value>
                <![CDATA[[TestResult name=registrationTest status=SUCCESS method=RegistrationTest.registrationTest(java.lang.String,java.lang.String,java.lang.String,java.lang.String,java.lang.String,java.lang.String,java.lang.String,java.lang.String,java.lang.String,java.lang.String)[pri:0, instance:Tests.RegistrationTest@e19bb76] output={null}]]]>
              </value>
            </param>
          </params>
          <reporter-output>
          </reporter-output>
        </test-method> <!-- tearDown -->
        <test-method is-config="true" signature="setup()[pri:0, instance:Tests.RegistrationTest@e19bb76]" started-at="2026-06-08T12:10:00 IST" name="setup" finished-at="2026-06-08T12:10:03 IST" duration-ms="2891" status="PASS">
          <reporter-output>
          </reporter-output>
        </test-method> <!-- setup -->
        <test-method signature="registrationTest(java.lang.String,java.lang.String,java.lang.String,java.lang.String,java.lang.String,java.lang.String,java.lang.String,java.lang.String,java.lang.String,java.lang.String)[pri:0, instance:Tests.RegistrationTest@e19bb76]" started-at="2026-06-08T12:10:03 IST" name="registrationTest" data-provider="registrationData" finished-at="2026-06-08T12:10:05 IST" duration-ms="1834" status="PASS">
          <params>
            <param index="0">
              <value>
                <![CDATA[Divya]]>
              </value>
            </param>
            <param index="1">
              <value>
                <![CDATA[Nair]]>
              </value>
            </param>
            <param index="2">
              <value>
                <![CDATA[Saibaba Colony]]>
              </value>
            </param>
            <param index="3">
              <value>
                <![CDATA[Coimbatore]]>
              </value>
            </param>
            <param index="4">
              <value>
                <![CDATA[Tamil Nadu]]>
              </value>
            </param>
            <param index="5">
              <value>
                <![CDATA[641011.0]]>
              </value>
            </param>
            <param index="6">
              <value>
                <![CDATA[9.876543214E9]]>
              </value>
            </param>
            <param index="7">
              <value>
                <![CDATA[1.23456783E8]]>
              </value>
            </param>
            <param index="8">
              <value>
                <![CDATA[divya]]>
              </value>
            </param>
            <param index="9">
              <value>
                <![CDATA[1.2345678E7]]>
              </value>
            </param>
          </params>
          <reporter-output>
          </reporter-output>
        </test-method> <!-- registrationTest -->
        <test-method is-config="true" signature="tearDown(org.testng.ITestResult)[pri:0, instance:Tests.RegistrationTest@e19bb76]" started-at="2026-06-08T12:10:05 IST" name="tearDown" finished-at="2026-06-08T12:10:05 IST" duration-ms="84" status="PASS">
          <params>
            <param index="0">
              <value>
                <![CDATA[[TestResult name=registrationTest status=SUCCESS method=RegistrationTest.registrationTest(java.lang.String,java.lang.String,java.lang.String,java.lang.String,java.lang.String,java.lang.String,java.lang.String,java.lang.String,java.lang.String,java.lang.String)[pri:0, instance:Tests.RegistrationTest@e19bb76] output={null}]]]>
              </value>
            </param>
          </params>
          <reporter-output>
          </reporter-output>
        </test-method> <!-- tearDown -->
        <test-method is-config="true" signature="setup()[pri:0, instance:Tests.RegistrationTest@e19bb76]" started-at="2026-06-08T12:10:05 IST" name="setup" finished-at="2026-06-08T12:10:07 IST" duration-ms="1418" status="PASS">
          <reporter-output>
          </reporter-output>
        </test-method> <!-- setup -->
        <test-method signature="registrationTest(java.lang.String,java.lang.String,java.lang.String,java.lang.String,java.lang.String,java.lang.String,java.lang.String,java.lang.String,java.lang.String,java.lang.String)[pri:0, instance:Tests.RegistrationTest@e19bb76]" started-at="2026-06-08T12:10:07 IST" name="registrationTest" data-provider="registrationData" finished-at="2026-06-08T12:10:10 IST" duration-ms="2939" status="PASS">
          <params>
            <param index="0">
              <value>
                <![CDATA[Karthik]]>
              </value>
            </param>
            <param index="1">
              <value>
                <![CDATA[Raj]]>
              </value>
            </param>
            <param index="2">
              <value>
                <![CDATA[Singanallur]]>
              </value>
            </param>
            <param index="3">
              <value>
                <![CDATA[Coimbatore]]>
              </value>
            </param>
            <param index="4">
              <value>
                <![CDATA[Tamil Nadu]]>
              </value>
            </param>
            <param index="5">
              <value>
                <![CDATA[641005.0]]>
              </value>
            </param>
            <param index="6">
              <value>
                <![CDATA[9.876543215E9]]>
              </value>
            </param>
            <param index="7">
              <value>
                <![CDATA[1.23456784E8]]>
              </value>
            </param>
            <param index="8">
              <value>
                <![CDATA[karthik]]>
              </value>
            </param>
            <param index="9">
              <value>
                <![CDATA[1.2345678E7]]>
              </value>
            </param>
          </params>
          <reporter-output>
          </reporter-output>
        </test-method> <!-- registrationTest -->
        <test-method is-config="true" signature="tearDown(org.testng.ITestResult)[pri:0, instance:Tests.RegistrationTest@e19bb76]" started-at="2026-06-08T12:10:10 IST" name="tearDown" finished-at="2026-06-08T12:10:10 IST" duration-ms="88" status="PASS">
          <params>
            <param index="0">
              <value>
                <![CDATA[[TestResult name=registrationTest status=SUCCESS method=RegistrationTest.registrationTest(java.lang.String,java.lang.String,java.lang.String,java.lang.String,java.lang.String,java.lang.String,java.lang.String,java.lang.String,java.lang.String,java.lang.String)[pri:0, instance:Tests.RegistrationTest@e19bb76] output={null}]]]>
              </value>
            </param>
          </params>
          <reporter-output>
          </reporter-output>
        </test-method> <!-- tearDown -->
        <test-method is-config="true" signature="setup()[pri:0, instance:Tests.RegistrationTest@e19bb76]" started-at="2026-06-08T12:10:10 IST" name="setup" finished-at="2026-06-08T12:10:11 IST" duration-ms="1423" status="PASS">
          <reporter-output>
          </reporter-output>
        </test-method> <!-- setup -->
        <test-method signature="registrationTest(java.lang.String,java.lang.String,java.lang.String,java.lang.String,java.lang.String,java.lang.String,java.lang.String,java.lang.String,java.lang.String,java.lang.String)[pri:0, instance:Tests.RegistrationTest@e19bb76]" started-at="2026-06-08T12:10:11 IST" name="registrationTest" data-provider="registrationData" finished-at="2026-06-08T12:10:14 IST" duration-ms="2503" status="PASS">
          <params>
            <param index="0">
              <value>
                <![CDATA[Meena]]>
              </value>
            </param>
            <param index="1">
              <value>
                <![CDATA[Joseph]]>
              </value>
            </param>
            <param index="2">
              <value>
                <![CDATA[Race Course]]>
              </value>
            </param>
            <param index="3">
              <value>
                <![CDATA[Coimbatore]]>
              </value>
            </param>
            <param index="4">
              <value>
                <![CDATA[Tamil Nadu]]>
              </value>
            </param>
            <param index="5">
              <value>
                <![CDATA[641018.0]]>
              </value>
            </param>
            <param index="6">
              <value>
                <![CDATA[9.876543216E9]]>
              </value>
            </param>
            <param index="7">
              <value>
                <![CDATA[1.23456785E8]]>
              </value>
            </param>
            <param index="8">
              <value>
                <![CDATA[meena]]>
              </value>
            </param>
            <param index="9">
              <value>
                <![CDATA[1.2345678E7]]>
              </value>
            </param>
          </params>
          <reporter-output>
          </reporter-output>
        </test-method> <!-- registrationTest -->
        <test-method is-config="true" signature="tearDown(org.testng.ITestResult)[pri:0, instance:Tests.RegistrationTest@e19bb76]" started-at="2026-06-08T12:10:14 IST" name="tearDown" finished-at="2026-06-08T12:10:14 IST" duration-ms="83" status="PASS">
          <params>
            <param index="0">
              <value>
                <![CDATA[[TestResult name=registrationTest status=SUCCESS method=RegistrationTest.registrationTest(java.lang.String,java.lang.String,java.lang.String,java.lang.String,java.lang.String,java.lang.String,java.lang.String,java.lang.String,java.lang.String,java.lang.String)[pri:0, instance:Tests.RegistrationTest@e19bb76] output={null}]]]>
              </value>
            </param>
          </params>
          <reporter-output>
          </reporter-output>
        </test-method> <!-- tearDown -->
        <test-method is-config="true" signature="setup()[pri:0, instance:Tests.RegistrationTest@e19bb76]" started-at="2026-06-08T12:10:14 IST" name="setup" finished-at="2026-06-08T12:10:15 IST" duration-ms="1265" status="PASS">
          <reporter-output>
          </reporter-output>
        </test-method> <!-- setup -->
        <test-method signature="registrationTest(java.lang.String,java.lang.String,java.lang.String,java.lang.String,java.lang.String,java.lang.String,java.lang.String,java.lang.String,java.lang.String,java.lang.String)[pri:0, instance:Tests.RegistrationTest@e19bb76]" started-at="2026-06-08T12:10:15 IST" name="registrationTest" data-provider="registrationData" finished-at="2026-06-08T12:10:18 IST" duration-ms="2689" status="PASS">
          <params>
            <param index="0">
              <value>
                <![CDATA[Sanjay]]>
              </value>
            </param>
            <param index="1">
              <value>
                <![CDATA[Patel]]>
              </value>
            </param>
            <param index="2">
              <value>
                <![CDATA[Avinashi Road]]>
              </value>
            </param>
            <param index="3">
              <value>
                <![CDATA[Coimbatore]]>
              </value>
            </param>
            <param index="4">
              <value>
                <![CDATA[Tamil Nadu]]>
              </value>
            </param>
            <param index="5">
              <value>
                <![CDATA[641014.0]]>
              </value>
            </param>
            <param index="6">
              <value>
                <![CDATA[9.876543217E9]]>
              </value>
            </param>
            <param index="7">
              <value>
                <![CDATA[1.23456786E8]]>
              </value>
            </param>
            <param index="8">
              <value>
                <![CDATA[sanjay]]>
              </value>
            </param>
            <param index="9">
              <value>
                <![CDATA[1.2345678E7]]>
              </value>
            </param>
          </params>
          <reporter-output>
          </reporter-output>
        </test-method> <!-- registrationTest -->
        <test-method is-config="true" signature="tearDown(org.testng.ITestResult)[pri:0, instance:Tests.RegistrationTest@e19bb76]" started-at="2026-06-08T12:10:18 IST" name="tearDown" finished-at="2026-06-08T12:10:18 IST" duration-ms="84" status="PASS">
          <params>
            <param index="0">
              <value>
                <![CDATA[[TestResult name=registrationTest status=SUCCESS method=RegistrationTest.registrationTest(java.lang.String,java.lang.String,java.lang.String,java.lang.String,java.lang.String,java.lang.String,java.lang.String,java.lang.String,java.lang.String,java.lang.String)[pri:0, instance:Tests.RegistrationTest@e19bb76] output={null}]]]>
              </value>
            </param>
          </params>
          <reporter-output>
          </reporter-output>
        </test-method> <!-- tearDown -->
        <test-method is-config="true" signature="setup()[pri:0, instance:Tests.RegistrationTest@e19bb76]" started-at="2026-06-08T12:10:18 IST" name="setup" finished-at="2026-06-08T12:10:19 IST" duration-ms="1389" status="PASS">
          <reporter-output>
          </reporter-output>
        </test-method> <!-- setup -->
        <test-method signature="registrationTest(java.lang.String,java.lang.String,java.lang.String,java.lang.String,java.lang.String,java.lang.String,java.lang.String,java.lang.String,java.lang.String,java.lang.String)[pri:0, instance:Tests.RegistrationTest@e19bb76]" started-at="2026-06-08T12:10:19 IST" name="registrationTest" data-provider="registrationData" finished-at="2026-06-08T12:10:21 IST" duration-ms="2417" status="PASS">
          <params>
            <param index="0">
              <value>
                <![CDATA[Anitha]]>
              </value>
            </param>
            <param index="1">
              <value>
                <![CDATA[Reddy]]>
              </value>
            </param>
            <param index="2">
              <value>
                <![CDATA[Hopes]]>
              </value>
            </param>
            <param index="3">
              <value>
                <![CDATA[Coimbatore]]>
              </value>
            </param>
            <param index="4">
              <value>
                <![CDATA[Tamil Nadu]]>
              </value>
            </param>
            <param index="5">
              <value>
                <![CDATA[641015.0]]>
              </value>
            </param>
            <param index="6">
              <value>
                <![CDATA[9.876543218E9]]>
              </value>
            </param>
            <param index="7">
              <value>
                <![CDATA[1.23456787E8]]>
              </value>
            </param>
            <param index="8">
              <value>
                <![CDATA[anitha]]>
              </value>
            </param>
            <param index="9">
              <value>
                <![CDATA[1.2345678E7]]>
              </value>
            </param>
          </params>
          <reporter-output>
          </reporter-output>
        </test-method> <!-- registrationTest -->
        <test-method is-config="true" signature="tearDown(org.testng.ITestResult)[pri:0, instance:Tests.RegistrationTest@e19bb76]" started-at="2026-06-08T12:10:21 IST" name="tearDown" finished-at="2026-06-08T12:10:22 IST" duration-ms="82" status="PASS">
          <params>
            <param index="0">
              <value>
                <![CDATA[[TestResult name=registrationTest status=SUCCESS method=RegistrationTest.registrationTest(java.lang.String,java.lang.String,java.lang.String,java.lang.String,java.lang.String,java.lang.String,java.lang.String,java.lang.String,java.lang.String,java.lang.String)[pri:0, instance:Tests.RegistrationTest@e19bb76] output={null}]]]>
              </value>
            </param>
          </params>
          <reporter-output>
          </reporter-output>
        </test-method> <!-- tearDown -->
        <test-method is-config="true" signature="setup()[pri:0, instance:Tests.RegistrationTest@e19bb76]" started-at="2026-06-08T12:10:22 IST" name="setup" finished-at="2026-06-08T12:10:24 IST" duration-ms="2258" status="PASS">
          <reporter-output>
          </reporter-output>
        </test-method> <!-- setup -->
        <test-method signature="registrationTest(java.lang.String,java.lang.String,java.lang.String,java.lang.String,java.lang.String,java.lang.String,java.lang.String,java.lang.String,java.lang.String,java.lang.String)[pri:0, instance:Tests.RegistrationTest@e19bb76]" started-at="2026-06-08T12:10:24 IST" name="registrationTest" data-provider="registrationData" finished-at="2026-06-08T12:10:25 IST" duration-ms="1277" status="PASS">
          <params>
            <param index="0">
              <value>
                <![CDATA[Vikram]]>
              </value>
            </param>
            <param index="1">
              <value>
                <![CDATA[Singh]]>
              </value>
            </param>
            <param index="2">
              <value>
                <![CDATA[Vadavalli]]>
              </value>
            </param>
            <param index="3">
              <value>
                <![CDATA[Coimbatore]]>
              </value>
            </param>
            <param index="4">
              <value>
                <![CDATA[Tamil Nadu]]>
              </value>
            </param>
            <param index="5">
              <value>
                <![CDATA[641041.0]]>
              </value>
            </param>
            <param index="6">
              <value>
                <![CDATA[9.876543219E9]]>
              </value>
            </param>
            <param index="7">
              <value>
                <![CDATA[1.23456788E8]]>
              </value>
            </param>
            <param index="8">
              <value>
                <![CDATA[vikram]]>
              </value>
            </param>
            <param index="9">
              <value>
                <![CDATA[1.2345678E7]]>
              </value>
            </param>
          </params>
          <reporter-output>
          </reporter-output>
        </test-method> <!-- registrationTest -->
        <test-method is-config="true" signature="tearDown(org.testng.ITestResult)[pri:0, instance:Tests.RegistrationTest@e19bb76]" started-at="2026-06-08T12:10:25 IST" name="tearDown" finished-at="2026-06-08T12:10:25 IST" duration-ms="88" status="PASS">
          <params>
            <param index="0">
              <value>
                <![CDATA[[TestResult name=registrationTest status=SUCCESS method=RegistrationTest.registrationTest(java.lang.String,java.lang.String,java.lang.String,java.lang.String,java.lang.String,java.lang.String,java.lang.String,java.lang.String,java.lang.String,java.lang.String)[pri:0, instance:Tests.RegistrationTest@e19bb76] output={null}]]]>
              </value>
            </param>
          </params>
          <reporter-output>
          </reporter-output>
        </test-method> <!-- tearDown -->
      </class> <!-- Tests.RegistrationTest -->
      <class name="Tests.OpenAccountTest">
        <test-method is-config="true" signature="setup()[pri:0, instance:Tests.OpenAccountTest@1a760689]" started-at="2026-06-08T12:10:29 IST" name="setup" finished-at="2026-06-08T12:10:30 IST" duration-ms="1262" status="PASS">
          <reporter-output>
          </reporter-output>
        </test-method> <!-- setup -->
        <test-method signature="openAccountTest()[pri:0, instance:Tests.OpenAccountTest@1a760689]" started-at="2026-06-08T12:10:30 IST" name="openAccountTest" finished-at="2026-06-08T12:10:33 IST" duration-ms="2872" status="PASS">
          <reporter-output>
          </reporter-output>
        </test-method> <!-- openAccountTest -->
        <test-method is-config="true" signature="tearDown(org.testng.ITestResult)[pri:0, instance:Tests.OpenAccountTest@1a760689]" started-at="2026-06-08T12:10:33 IST" name="tearDown" finished-at="2026-06-08T12:10:33 IST" duration-ms="82" status="PASS">
          <params>
            <param index="0">
              <value>
                <![CDATA[[TestResult name=openAccountTest status=SUCCESS method=OpenAccountTest.openAccountTest()[pri:0, instance:Tests.OpenAccountTest@1a760689] output={null}]]]>
              </value>
            </param>
          </params>
          <reporter-output>
          </reporter-output>
        </test-method> <!-- tearDown -->
      </class> <!-- Tests.OpenAccountTest -->
      <class name="Tests.BillPayTest">
        <test-method is-config="true" signature="setup()[pri:0, instance:Tests.BillPayTest@70f59913]" started-at="2026-06-08T12:10:47 IST" name="setup" finished-at="2026-06-08T12:10:48 IST" duration-ms="1380" status="PASS">
          <reporter-output>
          </reporter-output>
        </test-method> <!-- setup -->
        <test-method signature="billPayTest()[pri:1, instance:Tests.BillPayTest@70f59913]" started-at="2026-06-08T12:10:48 IST" name="billPayTest" finished-at="2026-06-08T12:10:51 IST" duration-ms="2830" status="PASS">
          <reporter-output>
          </reporter-output>
        </test-method> <!-- billPayTest -->
        <test-method is-config="true" signature="tearDown(org.testng.ITestResult)[pri:0, instance:Tests.BillPayTest@70f59913]" started-at="2026-06-08T12:10:51 IST" name="tearDown" finished-at="2026-06-08T12:10:51 IST" duration-ms="83" status="PASS">
          <params>
            <param index="0">
              <value>
                <![CDATA[[TestResult name=billPayTest status=SUCCESS method=BillPayTest.billPayTest()[pri:1, instance:Tests.BillPayTest@70f59913] output={null}]]]>
              </value>
            </param>
          </params>
          <reporter-output>
          </reporter-output>
        </test-method> <!-- tearDown -->
        <test-method is-config="true" signature="setup()[pri:0, instance:Tests.BillPayTest@70f59913]" started-at="2026-06-08T12:10:51 IST" name="setup" finished-at="2026-06-08T12:10:53 IST" duration-ms="1390" status="PASS">
          <reporter-output>
          </reporter-output>
        </test-method> <!-- setup -->
        <test-method signature="zeroAmountBillPayBugTest()[pri:2, instance:Tests.BillPayTest@70f59913]" started-at="2026-06-08T12:10:53 IST" name="zeroAmountBillPayBugTest" finished-at="2026-06-08T12:10:56 IST" duration-ms="3074" status="FAIL">
          <exception class="java.lang.AssertionError">
            <message>
              <![CDATA[Bug Found: Zero amount bill payment is allowed expected [false] but found [true]]]>
            </message>
            <full-stacktrace>
              <![CDATA[java.lang.AssertionError: Bug Found: Zero amount bill payment is allowed expected [false] but found [true]
at org.testng.Assert.fail(Assert.java:111)
at org.testng.Assert.failNotEquals(Assert.java:1578)
at org.testng.Assert.assertFalse(Assert.java:79)
at Tests.BillPayTest.zeroAmountBillPayBugTest(BillPayTest.java:67)
at java.base/jdk.internal.reflect.DirectMethodHandleAccessor.invoke(DirectMethodHandleAccessor.java:103)
at java.base/java.lang.reflect.Method.invoke(Method.java:580)
at org.testng.internal.invokers.MethodInvocationHelper.invokeMethod(MethodInvocationHelper.java:141)
at org.testng.internal.invokers.TestInvoker.invokeMethod(TestInvoker.java:686)
at org.testng.internal.invokers.TestInvoker.invokeTestMethod(TestInvoker.java:230)
at org.testng.internal.invokers.MethodRunner.runInSequence(MethodRunner.java:63)
at org.testng.internal.invokers.TestInvoker$MethodInvocationAgent.invoke(TestInvoker.java:992)
at org.testng.internal.invokers.TestInvoker.invokeTestMethods(TestInvoker.java:203)
at org.testng.internal.invokers.TestMethodWorker.invokeTestMethods(TestMethodWorker.java:154)
at org.testng.internal.invokers.TestMethodWorker.run(TestMethodWorker.java:134)
at java.base/java.util.ArrayList.forEach(ArrayList.java:1596)
at org.testng.TestRunner.privateRun(TestRunner.java:739)
at org.testng.TestRunner.run(TestRunner.java:614)
at org.testng.SuiteRunner.runTest(SuiteRunner.java:421)
at org.testng.SuiteRunner.runSequentially(SuiteRunner.java:413)
at org.testng.SuiteRunner.privateRun(SuiteRunner.java:373)
at org.testng.SuiteRunner.run(SuiteRunner.java:312)
at org.testng.SuiteRunnerWorker.runSuite(SuiteRunnerWorker.java:52)
at org.testng.SuiteRunnerWorker.run(SuiteRunnerWorker.java:95)
at org.testng.TestNG.runSuitesSequentially(TestNG.java:1274)
at org.testng.TestNG.runSuitesLocally(TestNG.java:1208)
at org.testng.TestNG.runSuites(TestNG.java:1112)
at org.testng.TestNG.run(TestNG.java:1079)
at org.testng.remote.AbstractRemoteTestNG.run(AbstractRemoteTestNG.java:115)
at org.testng.remote.RemoteTestNG.initAndRun(RemoteTestNG.java:293)
at org.testng.remote.RemoteTestNG.main(RemoteTestNG.java:91)
]]>
            </full-stacktrace>
          </exception> <!-- java.lang.AssertionError -->
          <reporter-output>
          </reporter-output>
        </test-method> <!-- zeroAmountBillPayBugTest -->
        <test-method is-config="true" signature="tearDown(org.testng.ITestResult)[pri:0, instance:Tests.BillPayTest@70f59913]" started-at="2026-06-08T12:10:56 IST" name="tearDown" finished-at="2026-06-08T12:10:56 IST" duration-ms="234" status="PASS">
          <params>
            <param index="0">
              <value>
                <![CDATA[[TestResult name=zeroAmountBillPayBugTest status=FAILURE method=BillPayTest.zeroAmountBillPayBugTest()[pri:2, instance:Tests.BillPayTest@70f59913] output={null}]]]>
              </value>
            </param>
          </params>
          <reporter-output>
          </reporter-output>
        </test-method> <!-- tearDown -->
        <test-method is-config="true" signature="setup()[pri:0, instance:Tests.BillPayTest@70f59913]" started-at="2026-06-08T12:10:56 IST" name="setup" finished-at="2026-06-08T12:10:57 IST" duration-ms="1451" status="PASS">
          <reporter-output>
          </reporter-output>
        </test-method> <!-- setup -->
        <test-method signature="negativeAmountBillPayBugTest()[pri:3, instance:Tests.BillPayTest@70f59913]" started-at="2026-06-08T12:10:57 IST" name="negativeAmountBillPayBugTest" finished-at="2026-06-08T12:11:01 IST" duration-ms="3197" status="FAIL">
          <exception class="java.lang.AssertionError">
            <message>
              <![CDATA[Bug Found: Negative amount bill payment is allowed expected [false] but found [true]]]>
            </message>
            <full-stacktrace>
              <![CDATA[java.lang.AssertionError: Bug Found: Negative amount bill payment is allowed expected [false] but found [true]
at org.testng.Assert.fail(Assert.java:111)
at org.testng.Assert.failNotEquals(Assert.java:1578)
at org.testng.Assert.assertFalse(Assert.java:79)
at Tests.BillPayTest.negativeAmountBillPayBugTest(BillPayTest.java:98)
at java.base/jdk.internal.reflect.DirectMethodHandleAccessor.invoke(DirectMethodHandleAccessor.java:103)
at java.base/java.lang.reflect.Method.invoke(Method.java:580)
at org.testng.internal.invokers.MethodInvocationHelper.invokeMethod(MethodInvocationHelper.java:141)
at org.testng.internal.invokers.TestInvoker.invokeMethod(TestInvoker.java:686)
at org.testng.internal.invokers.TestInvoker.invokeTestMethod(TestInvoker.java:230)
at org.testng.internal.invokers.MethodRunner.runInSequence(MethodRunner.java:63)
at org.testng.internal.invokers.TestInvoker$MethodInvocationAgent.invoke(TestInvoker.java:992)
at org.testng.internal.invokers.TestInvoker.invokeTestMethods(TestInvoker.java:203)
at org.testng.internal.invokers.TestMethodWorker.invokeTestMethods(TestMethodWorker.java:154)
at org.testng.internal.invokers.TestMethodWorker.run(TestMethodWorker.java:134)
at java.base/java.util.ArrayList.forEach(ArrayList.java:1596)
at org.testng.TestRunner.privateRun(TestRunner.java:739)
at org.testng.TestRunner.run(TestRunner.java:614)
at org.testng.SuiteRunner.runTest(SuiteRunner.java:421)
at org.testng.SuiteRunner.runSequentially(SuiteRunner.java:413)
at org.testng.SuiteRunner.privateRun(SuiteRunner.java:373)
at org.testng.SuiteRunner.run(SuiteRunner.java:312)
at org.testng.SuiteRunnerWorker.runSuite(SuiteRunnerWorker.java:52)
at org.testng.SuiteRunnerWorker.run(SuiteRunnerWorker.java:95)
at org.testng.TestNG.runSuitesSequentially(TestNG.java:1274)
at org.testng.TestNG.runSuitesLocally(TestNG.java:1208)
at org.testng.TestNG.runSuites(TestNG.java:1112)
at org.testng.TestNG.run(TestNG.java:1079)
at org.testng.remote.AbstractRemoteTestNG.run(AbstractRemoteTestNG.java:115)
at org.testng.remote.RemoteTestNG.initAndRun(RemoteTestNG.java:293)
at org.testng.remote.RemoteTestNG.main(RemoteTestNG.java:91)
]]>
            </full-stacktrace>
          </exception> <!-- java.lang.AssertionError -->
          <reporter-output>
          </reporter-output>
        </test-method> <!-- negativeAmountBillPayBugTest -->
        <test-method is-config="true" signature="tearDown(org.testng.ITestResult)[pri:0, instance:Tests.BillPayTest@70f59913]" started-at="2026-06-08T12:11:01 IST" name="tearDown" finished-at="2026-06-08T12:11:01 IST" duration-ms="209" status="PASS">
          <params>
            <param index="0">
              <value>
                <![CDATA[[TestResult name=negativeAmountBillPayBugTest status=FAILURE method=BillPayTest.negativeAmountBillPayBugTest()[pri:3, instance:Tests.BillPayTest@70f59913] output={null}]]]>
              </value>
            </param>
          </params>
          <reporter-output>
          </reporter-output>
        </test-method> <!-- tearDown -->
      </class> <!-- Tests.BillPayTest -->
      <class name="Tests.LoginTest">
        <test-method is-config="true" signature="setup()[pri:0, instance:Tests.LoginTest@3f270e0a]" started-at="2026-06-08T12:10:25 IST" name="setup" finished-at="2026-06-08T12:10:27 IST" duration-ms="1345" status="PASS">
          <reporter-output>
          </reporter-output>
        </test-method> <!-- setup -->
        <test-method signature="loginTest()[pri:0, instance:Tests.LoginTest@3f270e0a]" started-at="2026-06-08T12:10:27 IST" name="loginTest" finished-at="2026-06-08T12:10:29 IST" duration-ms="2275" status="PASS">
          <reporter-output>
          </reporter-output>
        </test-method> <!-- loginTest -->
        <test-method is-config="true" signature="tearDown(org.testng.ITestResult)[pri:0, instance:Tests.LoginTest@3f270e0a]" started-at="2026-06-08T12:10:29 IST" name="tearDown" finished-at="2026-06-08T12:10:29 IST" duration-ms="90" status="PASS">
          <params>
            <param index="0">
              <value>
                <![CDATA[[TestResult name=loginTest status=SUCCESS method=LoginTest.loginTest()[pri:0, instance:Tests.LoginTest@3f270e0a] output={null}]]]>
              </value>
            </param>
          </params>
          <reporter-output>
          </reporter-output>
        </test-method> <!-- tearDown -->
      </class> <!-- Tests.LoginTest -->
      <class name="Tests.TransferFundsTest">
        <test-method is-config="true" signature="setup()[pri:0, instance:Tests.TransferFundsTest@7241a47d]" started-at="2026-06-08T12:10:33 IST" name="setup" finished-at="2026-06-08T12:10:34 IST" duration-ms="1191" status="PASS">
          <reporter-output>
          </reporter-output>
        </test-method> <!-- setup -->
        <test-method signature="transferFundsTest()[pri:1, instance:Tests.TransferFundsTest@7241a47d]" started-at="2026-06-08T12:10:34 IST" name="transferFundsTest" finished-at="2026-06-08T12:10:38 IST" duration-ms="3352" status="PASS">
          <reporter-output>
          </reporter-output>
        </test-method> <!-- transferFundsTest -->
        <test-method is-config="true" signature="tearDown(org.testng.ITestResult)[pri:0, instance:Tests.TransferFundsTest@7241a47d]" started-at="2026-06-08T12:10:38 IST" name="tearDown" finished-at="2026-06-08T12:10:38 IST" duration-ms="92" status="PASS">
          <params>
            <param index="0">
              <value>
                <![CDATA[[TestResult name=transferFundsTest status=SUCCESS method=TransferFundsTest.transferFundsTest()[pri:1, instance:Tests.TransferFundsTest@7241a47d] output={null}]]]>
              </value>
            </param>
          </params>
          <reporter-output>
          </reporter-output>
        </test-method> <!-- tearDown -->
        <test-method is-config="true" signature="setup()[pri:0, instance:Tests.TransferFundsTest@7241a47d]" started-at="2026-06-08T12:10:38 IST" name="setup" finished-at="2026-06-08T12:10:40 IST" duration-ms="2401" status="PASS">
          <reporter-output>
          </reporter-output>
        </test-method> <!-- setup -->
        <test-method signature="sameAccountTransferBugTest()[pri:2, instance:Tests.TransferFundsTest@7241a47d]" started-at="2026-06-08T12:10:40 IST" name="sameAccountTransferBugTest" finished-at="2026-06-08T12:10:42 IST" duration-ms="1820" status="FAIL">
          <exception class="java.lang.AssertionError">
            <message>
              <![CDATA[Bug Found: Same account transfer is allowed expected [false] but found [true]]]>
            </message>
            <full-stacktrace>
              <![CDATA[java.lang.AssertionError: Bug Found: Same account transfer is allowed expected [false] but found [true]
at org.testng.Assert.fail(Assert.java:111)
at org.testng.Assert.failNotEquals(Assert.java:1578)
at org.testng.Assert.assertFalse(Assert.java:79)
at Tests.TransferFundsTest.sameAccountTransferBugTest(TransferFundsTest.java:49)
at java.base/jdk.internal.reflect.DirectMethodHandleAccessor.invoke(DirectMethodHandleAccessor.java:103)
at java.base/java.lang.reflect.Method.invoke(Method.java:580)
at org.testng.internal.invokers.MethodInvocationHelper.invokeMethod(MethodInvocationHelper.java:141)
at org.testng.internal.invokers.TestInvoker.invokeMethod(TestInvoker.java:686)
at org.testng.internal.invokers.TestInvoker.invokeTestMethod(TestInvoker.java:230)
at org.testng.internal.invokers.MethodRunner.runInSequence(MethodRunner.java:63)
at org.testng.internal.invokers.TestInvoker$MethodInvocationAgent.invoke(TestInvoker.java:992)
at org.testng.internal.invokers.TestInvoker.invokeTestMethods(TestInvoker.java:203)
at org.testng.internal.invokers.TestMethodWorker.invokeTestMethods(TestMethodWorker.java:154)
at org.testng.internal.invokers.TestMethodWorker.run(TestMethodWorker.java:134)
at java.base/java.util.ArrayList.forEach(ArrayList.java:1596)
at org.testng.TestRunner.privateRun(TestRunner.java:739)
at org.testng.TestRunner.run(TestRunner.java:614)
at org.testng.SuiteRunner.runTest(SuiteRunner.java:421)
at org.testng.SuiteRunner.runSequentially(SuiteRunner.java:413)
at org.testng.SuiteRunner.privateRun(SuiteRunner.java:373)
at org.testng.SuiteRunner.run(SuiteRunner.java:312)
at org.testng.SuiteRunnerWorker.runSuite(SuiteRunnerWorker.java:52)
at org.testng.SuiteRunnerWorker.run(SuiteRunnerWorker.java:95)
at org.testng.TestNG.runSuitesSequentially(TestNG.java:1274)
at org.testng.TestNG.runSuitesLocally(TestNG.java:1208)
at org.testng.TestNG.runSuites(TestNG.java:1112)
at org.testng.TestNG.run(TestNG.java:1079)
at org.testng.remote.AbstractRemoteTestNG.run(AbstractRemoteTestNG.java:115)
at org.testng.remote.RemoteTestNG.initAndRun(RemoteTestNG.java:293)
at org.testng.remote.RemoteTestNG.main(RemoteTestNG.java:91)
]]>
            </full-stacktrace>
          </exception> <!-- java.lang.AssertionError -->
          <reporter-output>
          </reporter-output>
        </test-method> <!-- sameAccountTransferBugTest -->
        <test-method is-config="true" signature="tearDown(org.testng.ITestResult)[pri:0, instance:Tests.TransferFundsTest@7241a47d]" started-at="2026-06-08T12:10:42 IST" name="tearDown" finished-at="2026-06-08T12:10:42 IST" duration-ms="239" status="PASS">
          <params>
            <param index="0">
              <value>
                <![CDATA[[TestResult name=sameAccountTransferBugTest status=FAILURE method=TransferFundsTest.sameAccountTransferBugTest()[pri:2, instance:Tests.TransferFundsTest@7241a47d] output={null}]]]>
              </value>
            </param>
          </params>
          <reporter-output>
          </reporter-output>
        </test-method> <!-- tearDown -->
        <test-method is-config="true" signature="setup()[pri:0, instance:Tests.TransferFundsTest@7241a47d]" started-at="2026-06-08T12:10:42 IST" name="setup" finished-at="2026-06-08T12:10:44 IST" duration-ms="1310" status="PASS">
          <reporter-output>
          </reporter-output>
        </test-method> <!-- setup -->
        <test-method signature="zeroAmountTransferBugTest()[pri:3, instance:Tests.TransferFundsTest@7241a47d]" started-at="2026-06-08T12:10:44 IST" name="zeroAmountTransferBugTest" finished-at="2026-06-08T12:10:47 IST" duration-ms="3103" status="FAIL">
          <exception class="java.lang.AssertionError">
            <message>
              <![CDATA[Bug Found: Zero amount transfer is allowed expected [false] but found [true]]]>
            </message>
            <full-stacktrace>
              <![CDATA[java.lang.AssertionError: Bug Found: Zero amount transfer is allowed expected [false] but found [true]
at org.testng.Assert.fail(Assert.java:111)
at org.testng.Assert.failNotEquals(Assert.java:1578)
at org.testng.Assert.assertFalse(Assert.java:79)
at Tests.TransferFundsTest.zeroAmountTransferBugTest(TransferFundsTest.java:71)
at java.base/jdk.internal.reflect.DirectMethodHandleAccessor.invoke(DirectMethodHandleAccessor.java:103)
at java.base/java.lang.reflect.Method.invoke(Method.java:580)
at org.testng.internal.invokers.MethodInvocationHelper.invokeMethod(MethodInvocationHelper.java:141)
at org.testng.internal.invokers.TestInvoker.invokeMethod(TestInvoker.java:686)
at org.testng.internal.invokers.TestInvoker.invokeTestMethod(TestInvoker.java:230)
at org.testng.internal.invokers.MethodRunner.runInSequence(MethodRunner.java:63)
at org.testng.internal.invokers.TestInvoker$MethodInvocationAgent.invoke(TestInvoker.java:992)
at org.testng.internal.invokers.TestInvoker.invokeTestMethods(TestInvoker.java:203)
at org.testng.internal.invokers.TestMethodWorker.invokeTestMethods(TestMethodWorker.java:154)
at org.testng.internal.invokers.TestMethodWorker.run(TestMethodWorker.java:134)
at java.base/java.util.ArrayList.forEach(ArrayList.java:1596)
at org.testng.TestRunner.privateRun(TestRunner.java:739)
at org.testng.TestRunner.run(TestRunner.java:614)
at org.testng.SuiteRunner.runTest(SuiteRunner.java:421)
at org.testng.SuiteRunner.runSequentially(SuiteRunner.java:413)
at org.testng.SuiteRunner.privateRun(SuiteRunner.java:373)
at org.testng.SuiteRunner.run(SuiteRunner.java:312)
at org.testng.SuiteRunnerWorker.runSuite(SuiteRunnerWorker.java:52)
at org.testng.SuiteRunnerWorker.run(SuiteRunnerWorker.java:95)
at org.testng.TestNG.runSuitesSequentially(TestNG.java:1274)
at org.testng.TestNG.runSuitesLocally(TestNG.java:1208)
at org.testng.TestNG.runSuites(TestNG.java:1112)
at org.testng.TestNG.run(TestNG.java:1079)
at org.testng.remote.AbstractRemoteTestNG.run(AbstractRemoteTestNG.java:115)
at org.testng.remote.RemoteTestNG.initAndRun(RemoteTestNG.java:293)
at org.testng.remote.RemoteTestNG.main(RemoteTestNG.java:91)
]]>
            </full-stacktrace>
          </exception> <!-- java.lang.AssertionError -->
          <reporter-output>
          </reporter-output>
        </test-method> <!-- zeroAmountTransferBugTest -->
        <test-method is-config="true" signature="tearDown(org.testng.ITestResult)[pri:0, instance:Tests.TransferFundsTest@7241a47d]" started-at="2026-06-08T12:10:47 IST" name="tearDown" finished-at="2026-06-08T12:10:47 IST" duration-ms="222" status="PASS">
          <params>
            <param index="0">
              <value>
                <![CDATA[[TestResult name=zeroAmountTransferBugTest status=FAILURE method=TransferFundsTest.zeroAmountTransferBugTest()[pri:3, instance:Tests.TransferFundsTest@7241a47d] output={null}]]]>
              </value>
            </param>
          </params>
          <reporter-output>
          </reporter-output>
        </test-method> <!-- tearDown -->
      </class> <!-- Tests.TransferFundsTest -->
    </test> <!-- ParaBank Tests -->
  </suite> <!-- ParaBank Suite -->
</testng-results>
