<?xml version="1.0" encoding="UTF-8"?>
<!-- Generated by org.testng.reporters.JUnitXMLReporter -->
<testsuite ignored="4" hostname="Suryas-MacBook-Air.local" failures="0" tests="14" name="ParaBank Tests" time="94.912" errors="0" timestamp="2026-06-10T14:13:44 IST">
  <testcase classname="Tests.RegistrationTest" name="registrationTest" time="4.981"/>
  <testcase classname="Tests.RegistrationTest" name="registrationTest" time="9.037"/>
  <testcase classname="Tests.RegistrationTest" name="registrationTest" time="1.303"/>
  <testcase classname="Tests.RegistrationTest" name="registrationTest" time="3.018"/>
  <testcase classname="Tests.RegistrationTest" name="registrationTest" time="4.305"/>
  <testcase classname="Tests.RegistrationTest" name="registrationTest" time="5.572"/>
  <testcase classname="Tests.RegistrationTest" name="registrationTest" time="3.67"/>
  <testcase classname="Tests.RegistrationTest" name="registrationTest" time="2.252"/>
  <testcase classname="Tests.RegistrationTest" name="registrationTest" time="5.402"/>
  <testcase classname="Tests.RegistrationTest" name="registrationTest" time="4.046"/>
  <testcase classname="Tests.LoginTest" name="loginTest" time="3.523"/>
  <testcase classname="Tests.OpenAccountTest" name="openAccountTest" time="4.587"/>
  <testcase classname="Tests.TransferFundsTest" name="transferFundsTest" time="5.182"/>
  <testcase classname="Tests.BillPayTest" name="billPayTest" time="2.233"/>
  <testcase classname="Base.BaseTest" name="@BeforeSuite createUser" time="0.0">
    <ignored/>
  </testcase> <!-- @BeforeSuite createUser -->
  <testcase classname="Base.BaseTest" name="@BeforeSuite createUser" time="0.0">
    <ignored/>
  </testcase> <!-- @BeforeSuite createUser -->
  <testcase classname="Base.BaseTest" name="@BeforeSuite createUser" time="0.0">
    <ignored/>
  </testcase> <!-- @BeforeSuite createUser -->
  <testcase classname="Base.BaseTest" name="@BeforeSuite createUser" time="0.0">
    <ignored/>
  </testcase> <!-- @BeforeSuite createUser -->
</testsuite> <!-- ParaBank Tests -->
