<?xml version="1.0" encoding="UTF-8"?>
<!-- Generated by org.testng.reporters.JUnitXMLReporter -->
<testsuite ignored="4" hostname="Suryas-MacBook-Air.local" failures="0" tests="14" name="ParaBank Tests" time="103.528" errors="0" timestamp="2026-06-13T08:26:43 IST">
  <testcase classname="Tests.RegistrationTest" name="registrationTest" time="1.363"/>
  <testcase classname="Tests.RegistrationTest" name="registrationTest" time="3.505"/>
  <testcase classname="Tests.RegistrationTest" name="registrationTest" time="2.759"/>
  <testcase classname="Tests.RegistrationTest" name="registrationTest" time="1.387"/>
  <testcase classname="Tests.RegistrationTest" name="registrationTest" time="2.408"/>
  <testcase classname="Tests.RegistrationTest" name="registrationTest" time="2.207"/>
  <testcase classname="Tests.RegistrationTest" name="registrationTest" time="1.369"/>
  <testcase classname="Tests.RegistrationTest" name="registrationTest" time="18.698"/>
  <testcase classname="Tests.RegistrationTest" name="registrationTest" time="1.349"/>
  <testcase classname="Tests.RegistrationTest" name="registrationTest" time="2.843"/>
  <testcase classname="Tests.LoginTest" name="loginTest" time="2.334"/>
  <testcase classname="Tests.OpenAccountTest" name="openAccountTest" time="5.685"/>
  <testcase classname="Tests.TransferFundsTest" name="transferFundsTest" time="2.922"/>
  <testcase classname="Tests.BillPayTest" name="billPayTest" time="4.021"/>
  <testcase classname="Base.BaseTest" name="@BeforeSuite createUser" time="0.0">
    <ignored/>
  </testcase> <!-- @BeforeSuite createUser -->
  <testcase classname="Base.BaseTest" name="@BeforeSuite createUser" time="0.0">
    <ignored/>
  </testcase> <!-- @BeforeSuite createUser -->
  <testcase classname="Base.BaseTest" name="@BeforeSuite createUser" time="0.0">
    <ignored/>
  </testcase> <!-- @BeforeSuite createUser -->
  <testcase classname="Base.BaseTest" name="@BeforeSuite createUser" time="0.0">
    <ignored/>
  </testcase> <!-- @BeforeSuite createUser -->
</testsuite> <!-- ParaBank Tests -->
