<?xml version="1.0" encoding="UTF-8"?>
<!-- Generated by org.testng.reporters.JUnitXMLReporter -->
<testsuite ignored="1" hostname="Suryas-MacBook-Air.local" failures="4" tests="4" name="Bug Tests" time="32.805" errors="0" timestamp="2026-06-12T21:55:23 IST">
  <testcase classname="Negative_Cases.TransferFundsBugTest" name="sameAccountTransferBugTest" time="5.086">
    <failure type="java.lang.AssertionError" message="Bug Found: Same account transfer is allowed expected [false] but found [true]">
      <![CDATA[java.lang.AssertionError: Bug Found: Same account transfer is allowed expected [false] but found [true]
at Negative_Cases.TransferFundsBugTest.sameAccountTransferBugTest(TransferFundsBugTest.java:27)
at java.base/java.util.ArrayList.forEach(ArrayList.java:1596)
... Removed 28 stack frames]]>
    </failure>
  </testcase> <!-- sameAccountTransferBugTest -->
  <testcase classname="Negative_Cases.TransferFundsBugTest" name="zeroAmountTransferBugTest" time="3.218">
    <failure type="java.lang.AssertionError" message="Bug Found: Zero amount transfer is allowed expected [false] but found [true]">
      <![CDATA[java.lang.AssertionError: Bug Found: Zero amount transfer is allowed expected [false] but found [true]
at Negative_Cases.TransferFundsBugTest.zeroAmountTransferBugTest(TransferFundsBugTest.java:49)
at java.base/java.util.ArrayList.forEach(ArrayList.java:1596)
... Removed 28 stack frames]]>
    </failure>
  </testcase> <!-- zeroAmountTransferBugTest -->
  <testcase classname="Negative_Cases.BillPayBugTest" name="zeroAmountBillPayBugTest" time="3.212">
    <failure type="java.lang.AssertionError" message="Bug Found: Zero amount bill payment is allowed expected [false] but found [true]">
      <![CDATA[java.lang.AssertionError: Bug Found: Zero amount bill payment is allowed expected [false] but found [true]
at Negative_Cases.BillPayBugTest.zeroAmountBillPayBugTest(BillPayBugTest.java:62)
at java.base/java.util.ArrayList.forEach(ArrayList.java:1596)
... Removed 28 stack frames]]>
    </failure>
  </testcase> <!-- zeroAmountBillPayBugTest -->
  <testcase classname="Negative_Cases.BillPayBugTest" name="negativeAmountBillPayBugTest" time="4.933">
    <failure type="java.lang.AssertionError" message="Bug Found: Negative amount bill payment is allowed expected [false] but found [true]">
      <![CDATA[java.lang.AssertionError: Bug Found: Negative amount bill payment is allowed expected [false] but found [true]
at Negative_Cases.BillPayBugTest.negativeAmountBillPayBugTest(BillPayBugTest.java:118)
at java.base/java.util.ArrayList.forEach(ArrayList.java:1596)
... Removed 28 stack frames]]>
    </failure>
  </testcase> <!-- negativeAmountBillPayBugTest -->
  <testcase classname="Base.BaseTest" name="@BeforeSuite createUser" time="0.0">
    <ignored/>
  </testcase> <!-- @BeforeSuite createUser -->
</testsuite> <!-- Bug Tests -->
