<?xml version="1.0" encoding="UTF-8"?>
<!-- Generated by org.testng.reporters.JUnitXMLReporter -->
<testsuite ignored="2" hostname="Suryas-MacBook-Air.local" failures="4" tests="6" name="Bug Tests" time="26.874" errors="0" timestamp="2026-06-10T17:33:33 IST">
  <testcase classname="Negative_Cases.TransferFundsBugTest" name="sameAccountTransferBugTest" time="2.091">
    <failure type="java.lang.AssertionError" message="Bug Found: Same account transfer is allowed expected [false] but found [true]">
      <![CDATA[java.lang.AssertionError: Bug Found: Same account transfer is allowed expected [false] but found [true]
at Negative_Cases.TransferFundsBugTest.sameAccountTransferBugTest(TransferFundsBugTest.java:27)
at java.base/java.util.ArrayList.forEach(ArrayList.java:1596)
... Removed 28 stack frames]]>
    </failure>
  </testcase> <!-- sameAccountTransferBugTest -->
  <testcase classname="Negative_Cases.TransferFundsBugTest" name="zeroAmountTransferBugTest" time="1.667">
    <failure type="java.lang.AssertionError" message="Bug Found: Zero amount transfer is allowed expected [false] but found [true]">
      <![CDATA[java.lang.AssertionError: Bug Found: Zero amount transfer is allowed expected [false] but found [true]
at Negative_Cases.TransferFundsBugTest.zeroAmountTransferBugTest(TransferFundsBugTest.java:49)
at java.base/java.util.ArrayList.forEach(ArrayList.java:1596)
... Removed 28 stack frames]]>
    </failure>
  </testcase> <!-- zeroAmountTransferBugTest -->
  <testcase classname="Negative_Cases.BillPayBugTest" name="zeroAmountBillPayBugTest" time="1.657">
    <failure type="java.lang.AssertionError" message="Bug Found: Zero amount bill payment is allowed expected [false] but found [true]">
      <![CDATA[java.lang.AssertionError: Bug Found: Zero amount bill payment is allowed expected [false] but found [true]
at Negative_Cases.BillPayBugTest.zeroAmountBillPayBugTest(BillPayBugTest.java:35)
at java.base/java.util.ArrayList.forEach(ArrayList.java:1596)
... Removed 28 stack frames]]>
    </failure>
  </testcase> <!-- zeroAmountBillPayBugTest -->
  <testcase classname="Negative_Cases.BillPayBugTest" name="negativeAmountBillPayBugTest" time="1.737">
    <failure type="java.lang.AssertionError" message="Bug Found: Negative amount bill payment is allowed expected [false] but found [true]">
      <![CDATA[java.lang.AssertionError: Bug Found: Negative amount bill payment is allowed expected [false] but found [true]
at Negative_Cases.BillPayBugTest.negativeAmountBillPayBugTest(BillPayBugTest.java:65)
at java.base/java.util.ArrayList.forEach(ArrayList.java:1596)
... Removed 28 stack frames]]>
    </failure>
  </testcase> <!-- negativeAmountBillPayBugTest -->
  <testcase classname="Negative_Cases.LoginBugTest" name="invalidLoginTest" time="2.179"/>
  <testcase classname="Negative_Cases.LoginBugTest" name="emptyLoginTest" time="0.992"/>
  <testcase classname="Base.BaseTest" name="@BeforeSuite createUser" time="0.0">
    <ignored/>
  </testcase> <!-- @BeforeSuite createUser -->
  <testcase classname="Base.BaseTest" name="@BeforeSuite createUser" time="0.0">
    <ignored/>
  </testcase> <!-- @BeforeSuite createUser -->
</testsuite> <!-- Bug Tests -->
