<?xml version="1.0" encoding="UTF-8"?>
<!-- Generated by org.testng.reporters.JUnitReportReporter -->
<testsuite hostname="Suryas-MacBook-Air.local" failures="0" tests="5" name="Runner.TestRunner" time="25.786" errors="0" timestamp="2026-06-04T20:46:54 IST" skipped="0">
  <testcase classname="Runner.TestRunner" name="runScenario" time="5.750"/>
  <testcase classname="Runner.TestRunner" name="runScenario" time="6.792"/>
  <testcase classname="Runner.TestRunner" name="runScenario" time="3.259"/>
  <testcase classname="Runner.TestRunner" name="runScenario" time="5.604"/>
  <testcase classname="Runner.TestRunner" name="runScenario" time="4.381"/>
</testsuite> <!-- Runner.TestRunner -->
