<?xml version="1.0" encoding="UTF-8"?>
<!-- Generated by org.testng.reporters.JUnitReportReporter -->
<testsuite hostname="Suryas-MacBook-Air.local" failures="0" tests="2" name="Tests.AccountOverviewTest" time="21.122" errors="0" timestamp="2026-06-11T13:16:48 IST" skipped="0">
  <testcase classname="Tests.AccountOverviewTest" name="accountOverviewTest" time="9.678"/>
  <testcase classname="Tests.AccountOverviewTest" name="accountActivityFilterTest" time="11.444"/>
</testsuite> <!-- Tests.AccountOverviewTest -->
