<?xml version="1.0" encoding="UTF-8"?>
<!-- Generated by org.testng.reporters.JUnitReportReporter -->
<testsuite hostname="Suryas-MacBook-Air.local" failures="0" tests="10" name="Tests.RegistrationTest" time="43.988" errors="0" timestamp="2026-06-06T16:51:50 IST" skipped="0">
  <testcase classname="Tests.RegistrationTest" name="registrationTest" time="2.906"/>
  <testcase classname="Tests.RegistrationTest" name="registrationTest" time="4.193"/>
  <testcase classname="Tests.RegistrationTest" name="registrationTest" time="4.628"/>
  <testcase classname="Tests.RegistrationTest" name="registrationTest" time="3.942"/>
  <testcase classname="Tests.RegistrationTest" name="registrationTest" time="4.089"/>
  <testcase classname="Tests.RegistrationTest" name="registrationTest" time="4.309"/>
  <testcase classname="Tests.RegistrationTest" name="registrationTest" time="6.298"/>
  <testcase classname="Tests.RegistrationTest" name="registrationTest" time="5.313"/>
  <testcase classname="Tests.RegistrationTest" name="registrationTest" time="2.977"/>
  <testcase classname="Tests.RegistrationTest" name="registrationTest" time="5.333"/>
</testsuite> <!-- Tests.RegistrationTest -->
