<?xml version="1.0" encoding="UTF-8"?>
<!-- Generated by org.testng.reporters.JUnitReportReporter -->
<testsuite hostname="Suryas-MacBook-Air.local" failures="0" tests="2" name="Negative_Cases.LoginBugTest" time="7.428" errors="0" timestamp="2026-06-10T17:33:33 IST" skipped="0">
  <testcase classname="Negative_Cases.LoginBugTest" name="invalidLoginTest" time="3.499"/>
  <testcase classname="Negative_Cases.LoginBugTest" name="emptyLoginTest" time="3.929"/>
</testsuite> <!-- Negative_Cases.LoginBugTest -->
