<?xml version="1.0" encoding="UTF-8"?>
<!-- Generated by org.testng.reporters.JUnitReportReporter -->
<testsuite hostname="Suryas-MacBook-Air.local" failures="0" tests="10" name="Tests.RegistrationTest" time="83.530" errors="0" timestamp="2026-06-11T15:13:11 IST" skipped="0">
  <testcase classname="Tests.RegistrationTest" name="registrationTest" time="5.687"/>
  <testcase classname="Tests.RegistrationTest" name="registrationTest" time="9.786"/>
  <testcase classname="Tests.RegistrationTest" name="registrationTest" time="7.741"/>
  <testcase classname="Tests.RegistrationTest" name="registrationTest" time="8.798"/>
  <testcase classname="Tests.RegistrationTest" name="registrationTest" time="6.735"/>
  <testcase classname="Tests.RegistrationTest" name="registrationTest" time="6.025"/>
  <testcase classname="Tests.RegistrationTest" name="registrationTest" time="13.150"/>
  <testcase classname="Tests.RegistrationTest" name="registrationTest" time="11.054"/>
  <testcase classname="Tests.RegistrationTest" name="registrationTest" time="7.049"/>
  <testcase classname="Tests.RegistrationTest" name="registrationTest" time="7.505"/>
</testsuite> <!-- Tests.RegistrationTest -->
